affine.c
arithlow.c
bbuffer.c
binexpand.c
binexpandlow.c
binreduce.c
binreducelow.c
bmf.c
boxbasic.c
boxfunc1.c
boxfunc2.c
boxfunc3.c
bytearray.c
colorcontent.c
colormap.c
colormorph.c
colorquant1.c
colorspace.c
compare.c
conncomp.c
convolve.c
convolvelow.c
correlscore.c
dwacomb.2.c
dwacomblow.2.c
edge.c
enhance.c
fmorphgen.1.c
fmorphgenlow.1.c
fpix1.c
fpix2.c
gifiostub.c
gplot.c
graphics.c
graymorph.c
graymorphlow.c
grayquant.c
grayquantlow.c
heap.c
jbclass.c
jpegiostub.c
kernel.c
morphapp.c
morph.c
morphdwa.c
morphseq.c
numabasic.c
numafunc1.c
numafunc2.c
paintcmap.c
pix1.c
pix2.c
pix3.c
pix4.c
pix5.c
pixabasic.c
pixacc.c
pixafunc1.c
pixafunc2.c
pixarith.c
pixconv.c
pixtiling.c
pngio.c
pnmio.c
ptabasic.c
ptafunc1.c
ptra.c
queue.c
readfile.c
rop.c
ropiplow.c
roplow.c
rotateorth.c
rotateorthlow.c
sarray.c
scale.c
scalelow.c
seedfill.c
seedfilllow.c
sel1.c
sel2.c
shear.c
stack.c
textops.c
tiffiostub.c
utils.c
webpiostub.c
writefile.c
